<?xml version="1.0" encoding="UTF-8"?>
<!-- Generated by org.testng.reporters.JUnitReportReporter -->
<testsuite hostname="QT-INBG-LT0642" failures="0" tests="1" name="Script.Lanuch" time="3.504" errors="0" timestamp="2022-08-02T15:15:01 IST" skipped="0">
  <testcase classname="Script.Lanuch" name="Launching_the_Browser" time="3.504"/>
  <system-out/>
</testsuite> <!-- Script.Lanuch -->
