<?xml version="1.0" encoding="UTF-8"?>
<!-- Generated by org.testng.reporters.JUnitReportReporter -->
<testsuite hostname="QT-INBG-LT0642" failures="0" tests="1" name="AutomationScript.launch" time="8.494" errors="0" timestamp="2022-08-02T14:47:55 IST" skipped="0">
  <testcase classname="AutomationScript.launch" name="Launching_the_Browser" time="8.494"/>
  <system-out/>
</testsuite> <!-- AutomationScript.launch -->
